Arguments: 
  C:\Program Files\nodejs\node.exe C:\Users\Saiful_Islam\AppData\Roaming\npm\node_modules\yarn\bin\yarn.js

PATH: 
  C:\Users\Saiful_Islam\bin;C:\Program Files\Git\mingw64\bin;C:\Program Files\Git\usr\local\bin;C:\Program Files\Git\usr\bin;C:\Program Files\Git\usr\bin;C:\Program Files\Git\cmd;C:\Program Files (x86)\Common Files\Oracle\Java\javapath;C:\Windows\system32;C:\Windows;C:\Windows\System32\Wbem;C:\Windows\System32\WindowsPowerShell\v1.0;C:\Windows\System32\OpenSSH;C:\Program Files\MongoDB\Server\6.0\bin;C:\Users\Saiful_Islam\AppData\Local\pnpm;C:\Users\Saiful_Islam\AppData\Local\Microsoft\WindowsApps;C:\Users\Saiful_Islam\AppData\Local\Programs\Microsoft VS Code\bin;C:\Users\Saiful_Islam\AppData\Local\Programs\Hyper\resources\bin;C:\Users\Saiful_Islam\AppData\Local\Programs\mongosh;C:\Users\Saiful_Islam\AppData\Roaming\npm;C:\WINDOWS\system32;C:\WINDOWS;C:\WINDOWS\System32\Wbem;C:\WINDOWS\System32\WindowsPowerShell\v1.0;C:\WINDOWS\System32\OpenSSH;C:\Program Files\Git\cmd;C:\Program Files\PowerShell\7;C:\Program Files\nodejs;C:\Users\Saiful_Islam\.console-ninja\.bin;C:\Users\Saiful_Islam\AppData\Local\pnpm;C:\Users\Saiful_Islam\AppData\Local\Microsoft\WindowsApps;C:\Users\Saiful_Islam\AppData\Local\Programs\Microsoft VS Code\bin;C:\Users\Saiful_Islam\AppData\Local\Programs\Hyper\resources\bin;C:\Program Files\heroku\bin;C:\Users\Saiful_Islam\AppData\Local\JetBrains\Toolbox\scripts;C:\Users\Saiful_Islam\AppData\Local\Microsoft\WindowsApps;C:\Users\Saiful_Islam\AppData\Roaming\npm;C:\Program Files\Git\usr\bin\vendor_perl;C:\Program Files\Git\usr\bin\core_perl

Yarn version: 
  1.22.19

Node version: 
  20.5.0

Platform: 
  win32 x64

Trace: 
  Error: 581D0000:error:1C800066:Provider routines:ossl_gcm_stream_update:cipher operation failed:c:\ws\deps\openssl\openssl\providers\implementations\ciphers\ciphercommon_gcm.c:320:

npm manifest: 
  {
    "name": "orebishop",
    "version": "0.1.0",
    "private": true,
    "dependencies": {
      "@reduxjs/toolkit": "^1.9.2",
      "@testing-library/jest-dom": "^5.16.5",
      "@testing-library/react": "^13.4.0",
      "@testing-library/user-event": "^13.5.0",
      "framer-motion": "^8.0.2",
      "react": "^18.2.0",
      "react-dom": "^18.2.0",
      "react-icons": "^4.7.1",
      "react-paginate": "^8.1.4",
      "react-redux": "^8.0.5",
      "react-router-dom": "^6.6.0",
      "react-scripts": "5.0.1",
      "react-slick": "^0.29.0",
      "redux-persist": "^6.0.0",
      "slick-carousel": "^1.8.1",
      "tailwind-scrollbar": "^2.1.0",
      "web-vitals": "^2.1.4"
    },
    "scripts": {
      "start": "react-scripts start",
      "build": "react-scripts build",
      "test": "react-scripts test",
      "eject": "react-scripts eject"
    },
    "eslintConfig": {
      "extends": [
        "react-app",
        "react-app/jest"
      ]
    },
    "browserslist": {
      "production": [
        ">0.2%",
        "not dead",
        "not op_mini all"
      ],
      "development": [
        "last 1 chrome version",
        "last 1 firefox version",
        "last 1 safari version"
      ]
    },
    "devDependencies": {
      "autoprefixer": "^10.4.13",
      "postcss": "^8.4.20",
      "tailwindcss": "^3.2.4"
    }
  }

yarn manifest: 
  No manifest

Lockfile: 
  No lockfile
